mode: set
github.com/damien/terraform-awx-provider/internal/openapi/overrides.go:30.72,32.16 2 0
github.com/damien/terraform-awx-provider/internal/openapi/overrides.go:32.16,33.25 1 0
github.com/damien/terraform-awx-provider/internal/openapi/overrides.go:33.25,35.4 1 0
github.com/damien/terraform-awx-provider/internal/openapi/overrides.go:36.3,36.58 1 0
github.com/damien/terraform-awx-provider/internal/openapi/overrides.go:38.2,38.46 1 0
github.com/damien/terraform-awx-provider/internal/openapi/overrides.go:38.46,40.3 1 0
github.com/damien/terraform-awx-provider/internal/openapi/overrides.go:42.2,43.54 2 0
github.com/damien/terraform-awx-provider/internal/openapi/overrides.go:43.54,45.3 1 0
github.com/damien/terraform-awx-provider/internal/openapi/overrides.go:47.2,48.45 2 0
github.com/damien/terraform-awx-provider/internal/openapi/overrides.go:48.45,51.3 2 0
github.com/damien/terraform-awx-provider/internal/openapi/overrides.go:52.2,52.23 1 0
github.com/damien/terraform-awx-provider/internal/openapi/overrides.go:56.121,57.25 1 0
github.com/damien/terraform-awx-provider/internal/openapi/overrides.go:57.25,59.3 1 0
github.com/damien/terraform-awx-provider/internal/openapi/overrides.go:61.2,62.33 2 0
github.com/damien/terraform-awx-provider/internal/openapi/overrides.go:62.33,64.39 2 0
github.com/damien/terraform-awx-provider/internal/openapi/overrides.go:64.39,67.11 3 0
github.com/damien/terraform-awx-provider/internal/openapi/overrides.go:67.11,69.13 2 0
github.com/damien/terraform-awx-provider/internal/openapi/overrides.go:72.4,72.27 1 0
github.com/damien/terraform-awx-provider/internal/openapi/overrides.go:72.27,74.5 1 0
github.com/damien/terraform-awx-provider/internal/openapi/overrides.go:75.4,75.32 1 0
github.com/damien/terraform-awx-provider/internal/openapi/overrides.go:75.32,77.5 1 0
github.com/damien/terraform-awx-provider/internal/openapi/overrides.go:78.4,78.33 1 0
github.com/damien/terraform-awx-provider/internal/openapi/overrides.go:78.33,80.5 1 0
github.com/damien/terraform-awx-provider/internal/openapi/overrides.go:81.4,81.33 1 0
github.com/damien/terraform-awx-provider/internal/openapi/overrides.go:81.33,83.5 1 0
github.com/damien/terraform-awx-provider/internal/openapi/overrides.go:84.4,84.53 1 0
github.com/damien/terraform-awx-provider/internal/openapi/overrides.go:84.53,86.5 1 0
github.com/damien/terraform-awx-provider/internal/openapi/overrides.go:87.4,87.34 1 0
github.com/damien/terraform-awx-provider/internal/openapi/overrides.go:89.3,90.36 2 0
github.com/damien/terraform-awx-provider/internal/openapi/overrides.go:93.2,93.16 1 0
github.com/damien/terraform-awx-provider/internal/openapi/parser.go:89.51,91.16 2 0
github.com/damien/terraform-awx-provider/internal/openapi/parser.go:91.16,93.3 1 0
github.com/damien/terraform-awx-provider/internal/openapi/parser.go:95.2,96.50 2 0
github.com/damien/terraform-awx-provider/internal/openapi/parser.go:96.50,98.3 1 0
github.com/damien/terraform-awx-provider/internal/openapi/parser.go:99.2,99.18 1 0
github.com/damien/terraform-awx-provider/internal/openapi/parser.go:103.87,105.16 2 0
github.com/damien/terraform-awx-provider/internal/openapi/parser.go:105.16,106.25 1 0
github.com/damien/terraform-awx-provider/internal/openapi/parser.go:106.25,108.4 1 0
github.com/damien/terraform-awx-provider/internal/openapi/parser.go:109.3,109.61 1 0
github.com/damien/terraform-awx-provider/internal/openapi/parser.go:112.2,112.46 1 0
github.com/damien/terraform-awx-provider/internal/openapi/parser.go:112.46,114.3 1 0
github.com/damien/terraform-awx-provider/internal/openapi/parser.go:116.2,117.54 2 0
github.com/damien/terraform-awx-provider/internal/openapi/parser.go:117.54,119.3 1 0
github.com/damien/terraform-awx-provider/internal/openapi/parser.go:121.2,122.40 2 0
github.com/damien/terraform-awx-provider/internal/openapi/parser.go:122.40,124.3 1 0
github.com/damien/terraform-awx-provider/internal/openapi/parser.go:125.2,125.24 1 0
github.com/damien/terraform-awx-provider/internal/openapi/parser.go:129.70,131.16 2 0
github.com/damien/terraform-awx-provider/internal/openapi/parser.go:131.16,132.25 1 0
github.com/damien/terraform-awx-provider/internal/openapi/parser.go:132.25,134.4 1 0
github.com/damien/terraform-awx-provider/internal/openapi/parser.go:135.3,135.66 1 0
github.com/damien/terraform-awx-provider/internal/openapi/parser.go:137.2,137.46 1 0
github.com/damien/terraform-awx-provider/internal/openapi/parser.go:137.46,139.3 1 0
github.com/damien/terraform-awx-provider/internal/openapi/parser.go:141.2,142.52 2 0
github.com/damien/terraform-awx-provider/internal/openapi/parser.go:142.52,144.3 1 0
github.com/damien/terraform-awx-provider/internal/openapi/parser.go:146.2,147.29 2 0
github.com/damien/terraform-awx-provider/internal/openapi/parser.go:147.29,149.3 1 0
github.com/damien/terraform-awx-provider/internal/openapi/parser.go:150.2,150.17 1 0
github.com/damien/terraform-awx-provider/internal/openapi/parser.go:154.116,155.16 1 1
github.com/damien/terraform-awx-provider/internal/openapi/parser.go:155.16,157.3 1 0
github.com/damien/terraform-awx-provider/internal/openapi/parser.go:159.2,162.37 3 1
github.com/damien/terraform-awx-provider/internal/openapi/parser.go:162.37,164.24 2 1
github.com/damien/terraform-awx-provider/internal/openapi/parser.go:164.24,165.12 1 1
github.com/damien/terraform-awx-provider/internal/openapi/parser.go:168.3,172.34 5 1
github.com/damien/terraform-awx-provider/internal/openapi/parser.go:172.34,173.12 1 0
github.com/damien/terraform-awx-provider/internal/openapi/parser.go:176.3,177.26 2 1
github.com/damien/terraform-awx-provider/internal/openapi/parser.go:177.26,179.4 1 0
github.com/damien/terraform-awx-provider/internal/openapi/parser.go:180.3,180.26 1 1
github.com/damien/terraform-awx-provider/internal/openapi/parser.go:180.26,182.4 1 0
github.com/damien/terraform-awx-provider/internal/openapi/parser.go:184.3,186.23 3 1
github.com/damien/terraform-awx-provider/internal/openapi/parser.go:186.23,188.4 1 0
github.com/damien/terraform-awx-provider/internal/openapi/parser.go:190.3,192.22 3 1
github.com/damien/terraform-awx-provider/internal/openapi/parser.go:192.22,194.4 1 0
github.com/damien/terraform-awx-provider/internal/openapi/parser.go:196.3,211.33 2 1
github.com/damien/terraform-awx-provider/internal/openapi/parser.go:214.2,214.48 1 1
github.com/damien/terraform-awx-provider/internal/openapi/parser.go:214.48,216.3 1 0
github.com/damien/terraform-awx-provider/internal/openapi/parser.go:217.2,217.16 1 1
github.com/damien/terraform-awx-provider/internal/openapi/parser.go:221.133,222.16 1 1
github.com/damien/terraform-awx-provider/internal/openapi/parser.go:222.16,224.3 1 0
github.com/damien/terraform-awx-provider/internal/openapi/parser.go:226.2,227.37 2 1
github.com/damien/terraform-awx-provider/internal/openapi/parser.go:227.37,229.3 1 1
github.com/damien/terraform-awx-provider/internal/openapi/parser.go:231.2,234.57 3 1
github.com/damien/terraform-awx-provider/internal/openapi/parser.go:234.57,236.24 2 1
github.com/damien/terraform-awx-provider/internal/openapi/parser.go:236.24,237.12 1 0
github.com/damien/terraform-awx-provider/internal/openapi/parser.go:239.3,242.48 3 1
github.com/damien/terraform-awx-provider/internal/openapi/parser.go:242.48,243.12 1 0
github.com/damien/terraform-awx-provider/internal/openapi/parser.go:246.3,246.57 1 1
github.com/damien/terraform-awx-provider/internal/openapi/parser.go:246.57,247.12 1 0
github.com/damien/terraform-awx-provider/internal/openapi/parser.go:249.3,249.56 1 1
github.com/damien/terraform-awx-provider/internal/openapi/parser.go:249.56,250.12 1 0
github.com/damien/terraform-awx-provider/internal/openapi/parser.go:253.3,254.40 2 1
github.com/damien/terraform-awx-provider/internal/openapi/parser.go:254.40,255.12 1 0
github.com/damien/terraform-awx-provider/internal/openapi/parser.go:258.3,259.38 2 1
github.com/damien/terraform-awx-provider/internal/openapi/parser.go:259.38,260.12 1 0
github.com/damien/terraform-awx-provider/internal/openapi/parser.go:262.3,265.43 3 1
github.com/damien/terraform-awx-provider/internal/openapi/parser.go:265.43,267.4 1 1
github.com/damien/terraform-awx-provider/internal/openapi/parser.go:269.3,276.5 1 1
github.com/damien/terraform-awx-provider/internal/openapi/parser.go:279.2,279.54 1 1
github.com/damien/terraform-awx-provider/internal/openapi/parser.go:279.54,280.61 1 0
github.com/damien/terraform-awx-provider/internal/openapi/parser.go:280.61,282.4 1 0
github.com/damien/terraform-awx-provider/internal/openapi/parser.go:283.3,283.63 1 0
github.com/damien/terraform-awx-provider/internal/openapi/parser.go:285.2,285.22 1 1
github.com/damien/terraform-awx-provider/internal/openapi/parser.go:289.112,291.30 2 1
github.com/damien/terraform-awx-provider/internal/openapi/parser.go:291.30,292.50 1 1
github.com/damien/terraform-awx-provider/internal/openapi/parser.go:292.50,293.12 1 0
github.com/damien/terraform-awx-provider/internal/openapi/parser.go:295.3,295.42 1 1
github.com/damien/terraform-awx-provider/internal/openapi/parser.go:295.42,296.12 1 0
github.com/damien/terraform-awx-provider/internal/openapi/parser.go:298.3,298.41 1 1
github.com/damien/terraform-awx-provider/internal/openapi/parser.go:298.41,300.4 1 1
github.com/damien/terraform-awx-provider/internal/openapi/parser.go:303.2,303.22 1 1
github.com/damien/terraform-awx-provider/internal/openapi/parser.go:303.22,306.3 2 1
github.com/damien/terraform-awx-provider/internal/openapi/parser.go:307.2,307.12 1 1
github.com/damien/terraform-awx-provider/internal/openapi/parser.go:310.55,328.35 3 1
github.com/damien/terraform-awx-provider/internal/openapi/parser.go:328.35,329.38 1 1
github.com/damien/terraform-awx-provider/internal/openapi/parser.go:329.38,331.4 1 1
github.com/damien/terraform-awx-provider/internal/openapi/parser.go:333.2,333.14 1 0
github.com/damien/terraform-awx-provider/internal/openapi/parser.go:336.57,338.23 2 1
github.com/damien/terraform-awx-provider/internal/openapi/parser.go:338.23,340.3 1 1
github.com/damien/terraform-awx-provider/internal/openapi/parser.go:341.2,342.13 2 1
github.com/damien/terraform-awx-provider/internal/openapi/parser.go:345.46,346.40 1 1
github.com/damien/terraform-awx-provider/internal/openapi/parser.go:346.40,348.3 1 0
github.com/damien/terraform-awx-provider/internal/openapi/parser.go:349.2,349.65 1 1
github.com/damien/terraform-awx-provider/internal/openapi/parser.go:349.65,351.3 1 1
github.com/damien/terraform-awx-provider/internal/openapi/parser.go:352.2,352.47 1 0
github.com/damien/terraform-awx-provider/internal/openapi/parser.go:352.47,353.52 1 0
github.com/damien/terraform-awx-provider/internal/openapi/parser.go:353.52,355.4 1 0
github.com/damien/terraform-awx-provider/internal/openapi/parser.go:357.2,357.11 1 0
github.com/damien/terraform-awx-provider/internal/openapi/parser.go:360.47,361.15 1 1
github.com/damien/terraform-awx-provider/internal/openapi/parser.go:361.15,363.3 1 0
github.com/damien/terraform-awx-provider/internal/openapi/parser.go:364.2,364.48 1 1
github.com/damien/terraform-awx-provider/internal/openapi/parser.go:364.48,366.10 2 1
github.com/damien/terraform-awx-provider/internal/openapi/parser.go:366.10,367.12 1 0
github.com/damien/terraform-awx-provider/internal/openapi/parser.go:369.3,369.60 1 1
github.com/damien/terraform-awx-provider/internal/openapi/parser.go:369.60,371.4 1 1
github.com/damien/terraform-awx-provider/internal/openapi/parser.go:372.3,372.42 1 0
github.com/damien/terraform-awx-provider/internal/openapi/parser.go:372.42,373.53 1 0
github.com/damien/terraform-awx-provider/internal/openapi/parser.go:373.53,375.5 1 0
github.com/damien/terraform-awx-provider/internal/openapi/parser.go:378.2,378.11 1 0
github.com/damien/terraform-awx-provider/internal/openapi/parser.go:381.33,383.36 2 1
github.com/damien/terraform-awx-provider/internal/openapi/parser.go:383.36,385.3 1 1
github.com/damien/terraform-awx-provider/internal/openapi/parser.go:386.2,386.31 1 0
github.com/damien/terraform-awx-provider/internal/openapi/parser.go:389.78,390.36 1 1
github.com/damien/terraform-awx-provider/internal/openapi/parser.go:390.36,392.3 1 0
github.com/damien/terraform-awx-provider/internal/openapi/parser.go:394.2,395.19 2 1
github.com/damien/terraform-awx-provider/internal/openapi/parser.go:395.19,397.3 1 0
github.com/damien/terraform-awx-provider/internal/openapi/parser.go:398.2,399.21 2 1
github.com/damien/terraform-awx-provider/internal/openapi/parser.go:399.21,401.3 1 0
github.com/damien/terraform-awx-provider/internal/openapi/parser.go:403.2,404.41 2 1
github.com/damien/terraform-awx-provider/internal/openapi/parser.go:404.41,406.3 1 1
github.com/damien/terraform-awx-provider/internal/openapi/parser.go:408.2,409.40 2 1
github.com/damien/terraform-awx-provider/internal/openapi/parser.go:409.40,411.3 1 1
github.com/damien/terraform-awx-provider/internal/openapi/parser.go:412.2,415.34 3 1
github.com/damien/terraform-awx-provider/internal/openapi/parser.go:415.34,417.22 2 1
github.com/damien/terraform-awx-provider/internal/openapi/parser.go:417.22,418.12 1 0
github.com/damien/terraform-awx-provider/internal/openapi/parser.go:421.3,430.5 3 1
github.com/damien/terraform-awx-provider/internal/openapi/parser.go:432.2,432.12 1 1
github.com/damien/terraform-awx-provider/internal/openapi/parser.go:435.59,436.33 1 1
github.com/damien/terraform-awx-provider/internal/openapi/parser.go:436.33,438.3 1 0
github.com/damien/terraform-awx-provider/internal/openapi/parser.go:440.2,440.22 1 1
github.com/damien/terraform-awx-provider/internal/openapi/parser.go:440.22,442.22 2 0
github.com/damien/terraform-awx-provider/internal/openapi/parser.go:442.22,444.4 1 0
github.com/damien/terraform-awx-provider/internal/openapi/parser.go:445.3,445.38 1 0
github.com/damien/terraform-awx-provider/internal/openapi/parser.go:448.2,458.48 2 1
github.com/damien/terraform-awx-provider/internal/openapi/parser.go:458.48,460.3 1 1
github.com/damien/terraform-awx-provider/internal/openapi/parser.go:462.2,462.47 1 1
github.com/damien/terraform-awx-provider/internal/openapi/parser.go:462.47,463.30 1 1
github.com/damien/terraform-awx-provider/internal/openapi/parser.go:463.30,465.23 2 0
github.com/damien/terraform-awx-provider/internal/openapi/parser.go:465.23,466.13 1 0
github.com/damien/terraform-awx-provider/internal/openapi/parser.go:468.4,468.22 1 0
github.com/damien/terraform-awx-provider/internal/openapi/parser.go:468.22,470.5 1 0
github.com/damien/terraform-awx-provider/internal/openapi/parser.go:471.4,471.24 1 0
github.com/damien/terraform-awx-provider/internal/openapi/parser.go:471.24,473.5 1 0
github.com/damien/terraform-awx-provider/internal/openapi/parser.go:474.4,474.26 1 0
github.com/damien/terraform-awx-provider/internal/openapi/parser.go:474.26,476.5 1 0
github.com/damien/terraform-awx-provider/internal/openapi/parser.go:477.4,477.29 1 0
github.com/damien/terraform-awx-provider/internal/openapi/parser.go:477.29,479.5 1 0
github.com/damien/terraform-awx-provider/internal/openapi/parser.go:480.4,480.52 1 0
github.com/damien/terraform-awx-provider/internal/openapi/parser.go:480.52,482.5 1 0
github.com/damien/terraform-awx-provider/internal/openapi/parser.go:483.4,483.61 1 0
github.com/damien/terraform-awx-provider/internal/openapi/parser.go:487.2,491.27 4 1
github.com/damien/terraform-awx-provider/internal/openapi/parser.go:491.27,493.3 1 0
github.com/damien/terraform-awx-provider/internal/openapi/parser.go:494.2,495.12 2 1
github.com/damien/terraform-awx-provider/internal/openapi/parser.go:498.60,499.19 1 1
github.com/damien/terraform-awx-provider/internal/openapi/parser.go:499.19,501.3 1 0
github.com/damien/terraform-awx-provider/internal/openapi/parser.go:502.2,503.15 2 1
github.com/damien/terraform-awx-provider/internal/openapi/parser.go:503.15,504.26 1 0
github.com/damien/terraform-awx-provider/internal/openapi/parser.go:504.26,506.4 1 0
github.com/damien/terraform-awx-provider/internal/openapi/parser.go:506.9,506.40 1 0
github.com/damien/terraform-awx-provider/internal/openapi/parser.go:506.40,508.4 1 0
github.com/damien/terraform-awx-provider/internal/openapi/parser.go:511.2,511.13 1 1
github.com/damien/terraform-awx-provider/internal/openapi/parser.go:512.17,513.31 1 0
github.com/damien/terraform-awx-provider/internal/openapi/parser.go:514.16,515.33 1 0
github.com/damien/terraform-awx-provider/internal/openapi/parser.go:516.17,517.32 1 1
github.com/damien/terraform-awx-provider/internal/openapi/parser.go:518.15,519.33 1 0
github.com/damien/terraform-awx-provider/internal/openapi/parser.go:520.16,521.34 1 0
github.com/damien/terraform-awx-provider/internal/openapi/parser.go:522.10,523.34 1 1
github.com/damien/terraform-awx-provider/internal/openapi/parser.go:527.48,528.73 1 1
github.com/damien/terraform-awx-provider/internal/openapi/parser.go:528.73,530.3 1 0
github.com/damien/terraform-awx-provider/internal/openapi/parser.go:531.2,531.47 1 1
github.com/damien/terraform-awx-provider/internal/openapi/parser.go:531.47,533.3 1 0
github.com/damien/terraform-awx-provider/internal/openapi/parser.go:534.2,534.73 1 1
github.com/damien/terraform-awx-provider/internal/openapi/parser.go:534.73,536.3 1 0
github.com/damien/terraform-awx-provider/internal/openapi/parser.go:537.2,537.115 1 1
github.com/damien/terraform-awx-provider/internal/openapi/parser.go:537.115,539.3 1 1
github.com/damien/terraform-awx-provider/internal/openapi/parser.go:540.2,540.23 1 0
github.com/damien/terraform-awx-provider/internal/openapi/parser.go:543.62,544.19 1 1
github.com/damien/terraform-awx-provider/internal/openapi/parser.go:544.19,546.3 1 0
github.com/damien/terraform-awx-provider/internal/openapi/parser.go:547.2,547.50 1 1
github.com/damien/terraform-awx-provider/internal/openapi/parser.go:547.50,549.3 1 0
github.com/damien/terraform-awx-provider/internal/openapi/parser.go:550.2,552.45 3 1
github.com/damien/terraform-awx-provider/internal/openapi/parser.go:552.45,553.37 1 1
github.com/damien/terraform-awx-provider/internal/openapi/parser.go:553.37,555.4 1 1
github.com/damien/terraform-awx-provider/internal/openapi/parser.go:557.2,557.14 1 1
github.com/damien/terraform-awx-provider/internal/openapi/parser.go:560.59,561.27 1 1
github.com/damien/terraform-awx-provider/internal/openapi/parser.go:561.27,563.3 1 0
github.com/damien/terraform-awx-provider/internal/openapi/parser.go:564.2,593.17 3 1
github.com/damien/terraform-awx-provider/internal/openapi/parser.go:596.45,597.22 1 1
github.com/damien/terraform-awx-provider/internal/openapi/parser.go:597.22,599.3 1 1
github.com/damien/terraform-awx-provider/internal/openapi/parser.go:600.2,601.31 2 1
github.com/damien/terraform-awx-provider/internal/openapi/parser.go:601.31,602.37 1 1
github.com/damien/terraform-awx-provider/internal/openapi/parser.go:602.37,603.12 1 0
github.com/damien/terraform-awx-provider/internal/openapi/parser.go:605.3,605.26 1 1
github.com/damien/terraform-awx-provider/internal/openapi/parser.go:607.2,608.25 2 1
github.com/damien/terraform-awx-provider/internal/openapi/parser.go:608.25,610.3 1 1
github.com/damien/terraform-awx-provider/internal/openapi/parser.go:611.2,612.12 2 1
github.com/damien/terraform-awx-provider/internal/client/client.go:53.39,54.42 1 1
github.com/damien/terraform-awx-provider/internal/client/client.go:54.42,56.3 1 0
github.com/damien/terraform-awx-provider/internal/client/client.go:57.2,57.43 1 1
github.com/damien/terraform-awx-provider/internal/client/client.go:57.43,59.3 1 0
github.com/damien/terraform-awx-provider/internal/client/client.go:60.2,60.43 1 1
github.com/damien/terraform-awx-provider/internal/client/client.go:60.43,62.3 1 0
github.com/damien/terraform-awx-provider/internal/client/client.go:64.2,65.16 2 1
github.com/damien/terraform-awx-provider/internal/client/client.go:65.16,67.3 1 0
github.com/damien/terraform-awx-provider/internal/client/client.go:68.2,68.71 1 1
github.com/damien/terraform-awx-provider/internal/client/client.go:68.71,70.3 1 0
github.com/damien/terraform-awx-provider/internal/client/client.go:72.2,73.31 2 1
github.com/damien/terraform-awx-provider/internal/client/client.go:73.31,75.3 1 0
github.com/damien/terraform-awx-provider/internal/client/client.go:76.2,76.44 1 1
github.com/damien/terraform-awx-provider/internal/client/client.go:76.44,78.64 2 0
github.com/damien/terraform-awx-provider/internal/client/client.go:78.64,80.4 1 0
github.com/damien/terraform-awx-provider/internal/client/client.go:81.3,81.27 1 0
github.com/damien/terraform-awx-provider/internal/client/client.go:84.2,95.18 3 1
github.com/damien/terraform-awx-provider/internal/client/client.go:95.18,97.3 1 0
github.com/damien/terraform-awx-provider/internal/client/client.go:98.2,99.27 2 1
github.com/damien/terraform-awx-provider/internal/client/client.go:99.27,101.3 1 0
github.com/damien/terraform-awx-provider/internal/client/client.go:102.2,103.30 2 1
github.com/damien/terraform-awx-provider/internal/client/client.go:103.30,105.3 1 0
github.com/damien/terraform-awx-provider/internal/client/client.go:106.2,107.21 2 1
github.com/damien/terraform-awx-provider/internal/client/client.go:107.21,109.3 1 1
github.com/damien/terraform-awx-provider/internal/client/client.go:111.2,122.8 1 1
github.com/damien/terraform-awx-provider/internal/client/client.go:126.50,129.2 2 0
github.com/damien/terraform-awx-provider/internal/client/client.go:132.102,135.16 3 0
github.com/damien/terraform-awx-provider/internal/client/client.go:135.16,137.3 1 0
github.com/damien/terraform-awx-provider/internal/client/client.go:138.2,138.18 1 0
github.com/damien/terraform-awx-provider/internal/client/client.go:142.123,144.16 2 0
github.com/damien/terraform-awx-provider/internal/client/client.go:144.16,146.3 1 0
github.com/damien/terraform-awx-provider/internal/client/client.go:147.2,147.18 1 0
github.com/damien/terraform-awx-provider/internal/client/client.go:151.129,154.16 3 0
github.com/damien/terraform-awx-provider/internal/client/client.go:154.16,156.3 1 0
github.com/damien/terraform-awx-provider/internal/client/client.go:157.2,157.18 1 0
github.com/damien/terraform-awx-provider/internal/client/client.go:161.87,164.90 3 0
github.com/damien/terraform-awx-provider/internal/client/client.go:164.90,166.3 1 0
github.com/damien/terraform-awx-provider/internal/client/client.go:167.2,167.12 1 0
github.com/damien/terraform-awx-provider/internal/client/client.go:171.112,176.21 4 1
github.com/damien/terraform-awx-provider/internal/client/client.go:176.21,178.17 2 1
github.com/damien/terraform-awx-provider/internal/client/client.go:178.17,180.4 1 0
github.com/damien/terraform-awx-provider/internal/client/client.go:182.3,183.10 2 1
github.com/damien/terraform-awx-provider/internal/client/client.go:183.10,186.9 2 0
github.com/damien/terraform-awx-provider/internal/client/client.go:189.3,189.30 1 1
github.com/damien/terraform-awx-provider/internal/client/client.go:189.30,191.11 2 1
github.com/damien/terraform-awx-provider/internal/client/client.go:191.11,192.13 1 0
github.com/damien/terraform-awx-provider/internal/client/client.go:194.4,194.34 1 1
github.com/damien/terraform-awx-provider/internal/client/client.go:197.3,198.39 2 1
github.com/damien/terraform-awx-provider/internal/client/client.go:198.39,200.12 2 1
github.com/damien/terraform-awx-provider/internal/client/client.go:203.3,204.17 2 1
github.com/damien/terraform-awx-provider/internal/client/client.go:204.17,206.4 1 0
github.com/damien/terraform-awx-provider/internal/client/client.go:208.3,208.22 1 1
github.com/damien/terraform-awx-provider/internal/client/client.go:208.22,211.12 3 1
github.com/damien/terraform-awx-provider/internal/client/client.go:214.3,215.21 2 0
github.com/damien/terraform-awx-provider/internal/client/client.go:218.2,218.21 1 1
github.com/damien/terraform-awx-provider/internal/client/client.go:222.127,224.16 2 0
github.com/damien/terraform-awx-provider/internal/client/client.go:224.16,226.3 1 0
github.com/damien/terraform-awx-provider/internal/client/client.go:228.2,229.29 2 0
github.com/damien/terraform-awx-provider/internal/client/client.go:229.29,231.10 2 0
github.com/damien/terraform-awx-provider/internal/client/client.go:231.10,232.12 1 0
github.com/damien/terraform-awx-provider/internal/client/client.go:234.3,234.41 1 0
github.com/damien/terraform-awx-provider/internal/client/client.go:234.41,236.4 1 0
github.com/damien/terraform-awx-provider/internal/client/client.go:238.2,238.21 1 0
github.com/damien/terraform-awx-provider/internal/client/client.go:242.105,247.16 4 0
github.com/damien/terraform-awx-provider/internal/client/client.go:247.16,249.3 1 0
github.com/damien/terraform-awx-provider/internal/client/client.go:252.2,254.12 3 0
github.com/damien/terraform-awx-provider/internal/client/client.go:258.108,266.16 4 0
github.com/damien/terraform-awx-provider/internal/client/client.go:266.16,268.3 1 0
github.com/damien/terraform-awx-provider/internal/client/client.go:271.2,273.96 3 0
github.com/damien/terraform-awx-provider/internal/client/client.go:273.96,275.3 1 0
github.com/damien/terraform-awx-provider/internal/client/client.go:276.2,276.22 1 0
github.com/damien/terraform-awx-provider/internal/client/client.go:276.22,278.3 1 0
github.com/damien/terraform-awx-provider/internal/client/client.go:279.2,279.12 1 0
github.com/damien/terraform-awx-provider/internal/client/client.go:283.122,286.16 3 0
github.com/damien/terraform-awx-provider/internal/client/client.go:286.16,288.3 1 0
github.com/damien/terraform-awx-provider/internal/client/client.go:289.2,290.29 2 0
github.com/damien/terraform-awx-provider/internal/client/client.go:290.29,292.10 2 0
github.com/damien/terraform-awx-provider/internal/client/client.go:292.10,293.12 1 0
github.com/damien/terraform-awx-provider/internal/client/client.go:295.3,295.41 1 0
github.com/damien/terraform-awx-provider/internal/client/client.go:295.41,297.4 1 0
github.com/damien/terraform-awx-provider/internal/client/client.go:299.2,299.19 1 0
github.com/damien/terraform-awx-provider/internal/client/client.go:303.137,305.16 2 1
github.com/damien/terraform-awx-provider/internal/client/client.go:305.16,307.3 1 0
github.com/damien/terraform-awx-provider/internal/client/client.go:309.2,310.20 2 1
github.com/damien/terraform-awx-provider/internal/client/client.go:310.20,312.17 2 0
github.com/damien/terraform-awx-provider/internal/client/client.go:312.17,314.4 1 0
github.com/damien/terraform-awx-provider/internal/client/client.go:317.2,318.61 2 1
github.com/damien/terraform-awx-provider/internal/client/client.go:318.61,320.20 2 1
github.com/damien/terraform-awx-provider/internal/client/client.go:320.20,329.36 3 0
github.com/damien/terraform-awx-provider/internal/client/client.go:329.36,330.66 1 0
github.com/damien/terraform-awx-provider/internal/client/client.go:330.66,332.6 1 0
github.com/damien/terraform-awx-provider/internal/client/client.go:333.5,333.13 1 0
github.com/damien/terraform-awx-provider/internal/client/client.go:335.4,335.22 1 0
github.com/damien/terraform-awx-provider/internal/client/client.go:338.3,338.41 1 1
github.com/damien/terraform-awx-provider/internal/client/client.go:338.41,348.36 3 1
github.com/damien/terraform-awx-provider/internal/client/client.go:348.36,349.66 1 1
github.com/damien/terraform-awx-provider/internal/client/client.go:349.66,351.6 1 0
github.com/damien/terraform-awx-provider/internal/client/client.go:352.5,352.13 1 1
github.com/damien/terraform-awx-provider/internal/client/client.go:354.4,354.22 1 0
github.com/damien/terraform-awx-provider/internal/client/client.go:357.3,357.29 1 1
github.com/damien/terraform-awx-provider/internal/client/client.go:357.29,367.4 2 1
github.com/damien/terraform-awx-provider/internal/client/client.go:369.3,369.68 1 1
github.com/damien/terraform-awx-provider/internal/client/client.go:369.68,371.4 1 0
github.com/damien/terraform-awx-provider/internal/client/client.go:373.3,374.60 2 1
github.com/damien/terraform-awx-provider/internal/client/client.go:374.60,384.4 1 0
github.com/damien/terraform-awx-provider/internal/client/client.go:385.3,385.22 1 1
github.com/damien/terraform-awx-provider/internal/client/client.go:388.2,388.20 1 0
github.com/damien/terraform-awx-provider/internal/client/client.go:388.20,390.3 1 0
github.com/damien/terraform-awx-provider/internal/client/client.go:391.2,391.67 1 0
github.com/damien/terraform-awx-provider/internal/client/client.go:394.126,396.19 2 1
github.com/damien/terraform-awx-provider/internal/client/client.go:396.19,398.3 1 0
github.com/damien/terraform-awx-provider/internal/client/client.go:400.2,401.16 2 1
github.com/damien/terraform-awx-provider/internal/client/client.go:401.16,403.3 1 0
github.com/damien/terraform-awx-provider/internal/client/client.go:404.2,407.19 4 1
github.com/damien/terraform-awx-provider/internal/client/client.go:407.19,409.3 1 0
github.com/damien/terraform-awx-provider/internal/client/client.go:411.2,412.16 2 1
github.com/damien/terraform-awx-provider/internal/client/client.go:412.16,414.3 1 0
github.com/damien/terraform-awx-provider/internal/client/client.go:415.2,415.15 1 1
github.com/damien/terraform-awx-provider/internal/client/client.go:415.15,417.3 1 1
github.com/damien/terraform-awx-provider/internal/client/client.go:419.2,420.16 2 1
github.com/damien/terraform-awx-provider/internal/client/client.go:420.16,422.3 1 0
github.com/damien/terraform-awx-provider/internal/client/client.go:423.2,423.28 1 1
github.com/damien/terraform-awx-provider/internal/client/client.go:426.82,427.43 1 1
github.com/damien/terraform-awx-provider/internal/client/client.go:427.43,429.3 1 0
github.com/damien/terraform-awx-provider/internal/client/client.go:431.2,432.95 2 1
github.com/damien/terraform-awx-provider/internal/client/client.go:432.95,434.17 2 0
github.com/damien/terraform-awx-provider/internal/client/client.go:434.17,436.4 1 0
github.com/damien/terraform-awx-provider/internal/client/client.go:437.3,437.14 1 0
github.com/damien/terraform-awx-provider/internal/client/client.go:438.8,440.78 2 1
github.com/damien/terraform-awx-provider/internal/client/client.go:440.78,442.4 1 1
github.com/damien/terraform-awx-provider/internal/client/client.go:445.2,445.18 1 1
github.com/damien/terraform-awx-provider/internal/client/client.go:445.18,447.3 1 1
github.com/damien/terraform-awx-provider/internal/client/client.go:449.2,449.24 1 1
github.com/damien/terraform-awx-provider/internal/client/client.go:452.71,457.9 4 1
github.com/damien/terraform-awx-provider/internal/client/client.go:458.20,459.19 1 0
github.com/damien/terraform-awx-provider/internal/client/client.go:460.17,461.13 1 1
github.com/damien/terraform-awx-provider/internal/client/client.go:465.45,467.2 1 1
github.com/damien/terraform-awx-provider/internal/client/client.go:469.45,470.20 1 1
github.com/damien/terraform-awx-provider/internal/client/client.go:470.20,472.3 1 0
github.com/damien/terraform-awx-provider/internal/client/client.go:473.2,474.55 2 1
github.com/damien/terraform-awx-provider/internal/client/client.go:474.55,476.3 1 0
github.com/damien/terraform-awx-provider/internal/client/client.go:477.2,477.50 1 1
github.com/damien/terraform-awx-provider/internal/client/client.go:477.50,479.3 1 1
github.com/damien/terraform-awx-provider/internal/client/client.go:480.2,480.46 1 0
github.com/damien/terraform-awx-provider/internal/client/client.go:480.46,482.3 1 0
github.com/damien/terraform-awx-provider/internal/client/client.go:483.2,483.40 1 0
github.com/damien/terraform-awx-provider/internal/client/client.go:486.38,487.16 1 0
github.com/damien/terraform-awx-provider/internal/client/client.go:487.16,489.3 1 0
github.com/damien/terraform-awx-provider/internal/client/client.go:490.2,491.29 2 0
github.com/damien/terraform-awx-provider/internal/client/client.go:491.29,493.3 1 0
github.com/damien/terraform-awx-provider/internal/client/client.go:494.2,494.12 1 0
github.com/damien/terraform-awx-provider/internal/client/client.go:497.44,498.15 1 1
github.com/damien/terraform-awx-provider/internal/client/client.go:498.15,500.3 1 1
github.com/damien/terraform-awx-provider/internal/client/client.go:501.2,502.28 2 0
github.com/damien/terraform-awx-provider/internal/client/client.go:502.28,506.3 3 0
github.com/damien/terraform-awx-provider/internal/client/client.go:507.2,507.12 1 0
github.com/damien/terraform-awx-provider/internal/client/error.go:20.35,21.14 1 0
github.com/damien/terraform-awx-provider/internal/client/error.go:21.14,23.3 1 0
github.com/damien/terraform-awx-provider/internal/client/error.go:25.2,26.22 2 0
github.com/damien/terraform-awx-provider/internal/client/error.go:26.22,28.3 1 0
github.com/damien/terraform-awx-provider/internal/client/error.go:29.2,29.20 1 0
github.com/damien/terraform-awx-provider/internal/client/error.go:29.20,31.3 1 0
github.com/damien/terraform-awx-provider/internal/client/error.go:32.2,32.18 1 0
github.com/damien/terraform-awx-provider/internal/client/error.go:32.18,34.3 1 0
github.com/damien/terraform-awx-provider/internal/client/error.go:35.2,35.33 1 0
github.com/damien/terraform-awx-provider/internal/client/error.go:38.35,39.14 1 0
github.com/damien/terraform-awx-provider/internal/client/error.go:39.14,41.3 1 0
github.com/damien/terraform-awx-provider/internal/client/error.go:42.2,42.14 1 0
github.com/damien/terraform-awx-provider/internal/client/error.go:45.38,46.14 1 0
github.com/damien/terraform-awx-provider/internal/client/error.go:46.14,48.3 1 0
github.com/damien/terraform-awx-provider/internal/client/error.go:49.2,49.44 1 0
github.com/damien/terraform-awx-provider/internal/provider/object_data_source.go:27.79,29.2 1 1
github.com/damien/terraform-awx-provider/internal/provider/object_data_source.go:31.121,33.2 1 1
github.com/damien/terraform-awx-provider/internal/provider/object_data_source.go:35.115,43.47 2 0
github.com/damien/terraform-awx-provider/internal/provider/object_data_source.go:43.47,48.3 1 0
github.com/damien/terraform-awx-provider/internal/provider/object_data_source.go:50.2,50.40 1 0
github.com/damien/terraform-awx-provider/internal/provider/object_data_source.go:50.40,52.3 1 0
github.com/damien/terraform-awx-provider/internal/provider/object_data_source.go:54.2,57.3 1 0
github.com/damien/terraform-awx-provider/internal/provider/object_data_source.go:60.126,61.29 1 0
github.com/damien/terraform-awx-provider/internal/provider/object_data_source.go:61.29,63.3 1 0
github.com/damien/terraform-awx-provider/internal/provider/object_data_source.go:64.2,65.9 2 0
github.com/damien/terraform-awx-provider/internal/provider/object_data_source.go:65.9,68.3 2 0
github.com/damien/terraform-awx-provider/internal/provider/object_data_source.go:69.2,69.23 1 0
github.com/damien/terraform-awx-provider/internal/provider/object_data_source.go:72.113,73.43 1 0
github.com/damien/terraform-awx-provider/internal/provider/object_data_source.go:73.43,76.3 2 0
github.com/damien/terraform-awx-provider/internal/provider/object_data_source.go:78.2,83.18 5 0
github.com/damien/terraform-awx-provider/internal/provider/object_data_source.go:83.18,85.3 1 0
github.com/damien/terraform-awx-provider/internal/provider/object_data_source.go:86.2,86.33 1 0
github.com/damien/terraform-awx-provider/internal/provider/object_data_source.go:86.33,88.3 1 0
github.com/damien/terraform-awx-provider/internal/provider/object_data_source.go:90.2,91.47 2 0
github.com/damien/terraform-awx-provider/internal/provider/object_data_source.go:91.47,93.17 2 0
github.com/damien/terraform-awx-provider/internal/provider/object_data_source.go:93.17,96.4 2 0
github.com/damien/terraform-awx-provider/internal/provider/object_data_source.go:98.3,99.17 2 0
github.com/damien/terraform-awx-provider/internal/provider/object_data_source.go:99.17,102.4 2 0
github.com/damien/terraform-awx-provider/internal/provider/object_data_source.go:103.3,103.15 1 0
github.com/damien/terraform-awx-provider/internal/provider/object_data_source.go:104.8,104.74 1 0
github.com/damien/terraform-awx-provider/internal/provider/object_data_source.go:104.74,106.17 2 0
github.com/damien/terraform-awx-provider/internal/provider/object_data_source.go:106.17,109.4 2 0
github.com/damien/terraform-awx-provider/internal/provider/object_data_source.go:110.3,110.24 1 0
github.com/damien/terraform-awx-provider/internal/provider/object_data_source.go:110.24,116.4 2 0
github.com/damien/terraform-awx-provider/internal/provider/object_data_source.go:117.3,117.23 1 0
github.com/damien/terraform-awx-provider/internal/provider/object_data_source.go:117.23,123.4 2 0
github.com/damien/terraform-awx-provider/internal/provider/object_data_source.go:124.3,124.22 1 0
github.com/damien/terraform-awx-provider/internal/provider/object_data_source.go:125.8,131.3 2 0
github.com/damien/terraform-awx-provider/internal/provider/object_data_source.go:133.2,134.16 2 0
github.com/damien/terraform-awx-provider/internal/provider/object_data_source.go:134.16,137.3 2 0
github.com/damien/terraform-awx-provider/internal/provider/object_data_source.go:139.2,140.40 2 0
github.com/damien/terraform-awx-provider/internal/provider/object_data_source.go:140.40,141.22 1 0
github.com/damien/terraform-awx-provider/internal/provider/object_data_source.go:141.22,143.12 2 0
github.com/damien/terraform-awx-provider/internal/provider/object_data_source.go:145.3,147.23 3 0
github.com/damien/terraform-awx-provider/internal/provider/object_data_source.go:147.23,148.12 1 0
github.com/damien/terraform-awx-provider/internal/provider/object_data_source.go:150.3,150.89 1 0
github.com/damien/terraform-awx-provider/internal/provider/object_data_source.go:154.87,155.20 1 0
github.com/damien/terraform-awx-provider/internal/provider/object_data_source.go:156.29,161.4 1 0
github.com/damien/terraform-awx-provider/internal/provider/object_data_source.go:162.30,167.4 1 0
github.com/damien/terraform-awx-provider/internal/provider/object_data_source.go:168.31,173.4 1 0
github.com/damien/terraform-awx-provider/internal/provider/object_data_source.go:174.10,179.4 1 0
github.com/damien/terraform-awx-provider/internal/provider/object_data_source.go:183.70,184.31 1 0
github.com/damien/terraform-awx-provider/internal/provider/object_data_source.go:184.31,185.25 1 0
github.com/damien/terraform-awx-provider/internal/provider/object_data_source.go:185.25,187.4 1 0
github.com/damien/terraform-awx-provider/internal/provider/object_data_source.go:189.2,189.14 1 0
github.com/damien/terraform-awx-provider/internal/provider/object_data_source.go:192.54,196.2 3 0
github.com/damien/terraform-awx-provider/internal/provider/object_resource.go:45.73,47.2 1 1
github.com/damien/terraform-awx-provider/internal/provider/object_resource.go:49.117,51.2 1 1
github.com/damien/terraform-awx-provider/internal/provider/object_resource.go:53.109,64.40 2 0
github.com/damien/terraform-awx-provider/internal/provider/object_resource.go:64.40,66.3 1 0
github.com/damien/terraform-awx-provider/internal/provider/object_resource.go:68.2,71.3 1 0
github.com/damien/terraform-awx-provider/internal/provider/object_resource.go:74.120,75.29 1 0
github.com/damien/terraform-awx-provider/internal/provider/object_resource.go:75.29,77.3 1 0
github.com/damien/terraform-awx-provider/internal/provider/object_resource.go:79.2,80.9 2 0
github.com/damien/terraform-awx-provider/internal/provider/object_resource.go:80.9,83.3 2 0
github.com/damien/terraform-awx-provider/internal/provider/object_resource.go:84.2,84.23 1 0
github.com/damien/terraform-awx-provider/internal/provider/object_resource.go:87.113,88.43 1 0
github.com/damien/terraform-awx-provider/internal/provider/object_resource.go:88.43,91.3 2 0
github.com/damien/terraform-awx-provider/internal/provider/object_resource.go:93.2,95.33 3 0
github.com/damien/terraform-awx-provider/internal/provider/object_resource.go:95.33,97.3 1 0
github.com/damien/terraform-awx-provider/internal/provider/object_resource.go:99.2,100.16 2 0
github.com/damien/terraform-awx-provider/internal/provider/object_resource.go:100.16,103.3 2 0
github.com/damien/terraform-awx-provider/internal/provider/object_resource.go:105.2,106.16 2 0
github.com/damien/terraform-awx-provider/internal/provider/object_resource.go:106.16,109.3 2 0
github.com/damien/terraform-awx-provider/internal/provider/object_resource.go:111.2,112.23 2 0
github.com/damien/terraform-awx-provider/internal/provider/object_resource.go:112.23,118.3 2 0
github.com/damien/terraform-awx-provider/internal/provider/object_resource.go:120.2,120.88 1 0
github.com/damien/terraform-awx-provider/internal/provider/object_resource.go:123.107,124.43 1 0
github.com/damien/terraform-awx-provider/internal/provider/object_resource.go:124.43,127.3 2 0
github.com/damien/terraform-awx-provider/internal/provider/object_resource.go:129.2,131.33 3 0
github.com/damien/terraform-awx-provider/internal/provider/object_resource.go:131.33,133.3 1 0
github.com/damien/terraform-awx-provider/internal/provider/object_resource.go:135.2,136.30 2 0
github.com/damien/terraform-awx-provider/internal/provider/object_resource.go:136.30,139.3 2 0
github.com/damien/terraform-awx-provider/internal/provider/object_resource.go:141.2,142.16 2 0
github.com/damien/terraform-awx-provider/internal/provider/object_resource.go:142.16,143.44 1 0
github.com/damien/terraform-awx-provider/internal/provider/object_resource.go:143.44,146.4 2 0
github.com/damien/terraform-awx-provider/internal/provider/object_resource.go:147.3,148.9 2 0
github.com/damien/terraform-awx-provider/internal/provider/object_resource.go:151.2,151.89 1 0
github.com/damien/terraform-awx-provider/internal/provider/object_resource.go:154.113,155.43 1 0
github.com/damien/terraform-awx-provider/internal/provider/object_resource.go:155.43,158.3 2 0
github.com/damien/terraform-awx-provider/internal/provider/object_resource.go:160.2,162.33 3 0
github.com/damien/terraform-awx-provider/internal/provider/object_resource.go:162.33,164.3 1 0
github.com/damien/terraform-awx-provider/internal/provider/object_resource.go:166.2,168.33 3 0
github.com/damien/terraform-awx-provider/internal/provider/object_resource.go:168.33,170.3 1 0
github.com/damien/terraform-awx-provider/internal/provider/object_resource.go:172.2,173.16 2 0
github.com/damien/terraform-awx-provider/internal/provider/object_resource.go:173.16,176.3 2 0
github.com/damien/terraform-awx-provider/internal/provider/object_resource.go:178.2,179.23 2 0
github.com/damien/terraform-awx-provider/internal/provider/object_resource.go:179.23,182.3 2 0
github.com/damien/terraform-awx-provider/internal/provider/object_resource.go:184.2,184.88 1 0
github.com/damien/terraform-awx-provider/internal/provider/object_resource.go:187.113,188.43 1 0
github.com/damien/terraform-awx-provider/internal/provider/object_resource.go:188.43,191.3 2 0
github.com/damien/terraform-awx-provider/internal/provider/object_resource.go:193.2,195.33 3 0
github.com/damien/terraform-awx-provider/internal/provider/object_resource.go:195.33,197.3 1 0
github.com/damien/terraform-awx-provider/internal/provider/object_resource.go:199.2,199.81 1 0
github.com/damien/terraform-awx-provider/internal/provider/object_resource.go:199.81,202.3 2 0
github.com/damien/terraform-awx-provider/internal/provider/object_resource.go:205.128,207.39 2 0
github.com/damien/terraform-awx-provider/internal/provider/object_resource.go:207.39,210.3 2 0
github.com/damien/terraform-awx-provider/internal/provider/object_resource.go:212.2,212.79 1 0
github.com/damien/terraform-awx-provider/internal/provider/object_resource.go:215.149,220.40 4 0
github.com/damien/terraform-awx-provider/internal/provider/object_resource.go:220.40,221.21 1 0
github.com/damien/terraform-awx-provider/internal/provider/object_resource.go:222.30,225.43 3 0
github.com/damien/terraform-awx-provider/internal/provider/object_resource.go:225.43,226.13 1 0
github.com/damien/terraform-awx-provider/internal/provider/object_resource.go:228.4,228.44 1 0
github.com/damien/terraform-awx-provider/internal/provider/object_resource.go:229.31,232.43 3 0
github.com/damien/terraform-awx-provider/internal/provider/object_resource.go:232.43,233.13 1 0
github.com/damien/terraform-awx-provider/internal/provider/object_resource.go:235.4,235.43 1 0
github.com/damien/terraform-awx-provider/internal/provider/object_resource.go:236.32,239.43 3 0
github.com/damien/terraform-awx-provider/internal/provider/object_resource.go:239.43,240.13 1 0
github.com/damien/terraform-awx-provider/internal/provider/object_resource.go:242.4,242.46 1 0
github.com/damien/terraform-awx-provider/internal/provider/object_resource.go:243.11,246.43 3 0
github.com/damien/terraform-awx-provider/internal/provider/object_resource.go:246.43,247.13 1 0
github.com/damien/terraform-awx-provider/internal/provider/object_resource.go:249.4,249.23 1 0
github.com/damien/terraform-awx-provider/internal/provider/object_resource.go:249.23,251.5 1 0
github.com/damien/terraform-awx-provider/internal/provider/object_resource.go:253.4,253.87 1 0
github.com/damien/terraform-awx-provider/internal/provider/object_resource.go:253.87,255.25 2 0
github.com/damien/terraform-awx-provider/internal/provider/object_resource.go:255.25,257.14 2 0
github.com/damien/terraform-awx-provider/internal/provider/object_resource.go:259.5,260.13 2 0
github.com/damien/terraform-awx-provider/internal/provider/object_resource.go:263.4,263.45 1 0
github.com/damien/terraform-awx-provider/internal/provider/object_resource.go:267.2,267.38 1 0
github.com/damien/terraform-awx-provider/internal/provider/object_resource.go:270.102,274.40 3 0
github.com/damien/terraform-awx-provider/internal/provider/object_resource.go:274.40,275.23 1 0
github.com/damien/terraform-awx-provider/internal/provider/object_resource.go:275.23,276.12 1 0
github.com/damien/terraform-awx-provider/internal/provider/object_resource.go:278.3,280.44 3 0
github.com/damien/terraform-awx-provider/internal/provider/object_resource.go:280.44,282.4 1 0
github.com/damien/terraform-awx-provider/internal/provider/object_resource.go:285.2,285.58 1 0
github.com/damien/terraform-awx-provider/internal/provider/object_resource.go:288.173,292.40 3 0
github.com/damien/terraform-awx-provider/internal/provider/object_resource.go:292.40,293.22 1 0
github.com/damien/terraform-awx-provider/internal/provider/object_resource.go:293.22,295.10 2 0
github.com/damien/terraform-awx-provider/internal/provider/object_resource.go:295.10,297.5 1 0
github.com/damien/terraform-awx-provider/internal/provider/object_resource.go:297.10,299.5 1 0
github.com/damien/terraform-awx-provider/internal/provider/object_resource.go:300.4,300.12 1 0
github.com/damien/terraform-awx-provider/internal/provider/object_resource.go:303.3,306.27 4 0
github.com/damien/terraform-awx-provider/internal/provider/object_resource.go:306.27,307.12 1 0
github.com/damien/terraform-awx-provider/internal/provider/object_resource.go:309.3,309.77 1 0
github.com/damien/terraform-awx-provider/internal/provider/object_resource.go:312.2,312.14 1 0
github.com/damien/terraform-awx-provider/internal/provider/object_resource.go:315.83,317.20 2 1
github.com/damien/terraform-awx-provider/internal/provider/object_resource.go:318.29,324.4 1 0
github.com/damien/terraform-awx-provider/internal/provider/object_resource.go:325.30,331.4 1 0
github.com/damien/terraform-awx-provider/internal/provider/object_resource.go:332.31,338.4 1 0
github.com/damien/terraform-awx-provider/internal/provider/object_resource.go:339.10,345.4 1 1
github.com/damien/terraform-awx-provider/internal/provider/object_resource.go:349.56,350.48 1 1
github.com/damien/terraform-awx-provider/internal/provider/object_resource.go:350.48,352.3 1 0
github.com/damien/terraform-awx-provider/internal/provider/object_resource.go:353.2,353.85 1 1
github.com/damien/terraform-awx-provider/internal/provider/object_resource.go:353.85,355.3 1 0
github.com/damien/terraform-awx-provider/internal/provider/object_resource.go:356.2,356.41 1 1
github.com/damien/terraform-awx-provider/internal/provider/object_resource.go:359.84,361.18 2 0
github.com/damien/terraform-awx-provider/internal/provider/object_resource.go:361.18,362.21 1 0
github.com/damien/terraform-awx-provider/internal/provider/object_resource.go:363.30,364.35 1 0
github.com/damien/terraform-awx-provider/internal/provider/object_resource.go:365.31,366.34 1 0
github.com/damien/terraform-awx-provider/internal/provider/object_resource.go:367.32,368.37 1 0
github.com/damien/terraform-awx-provider/internal/provider/object_resource.go:369.11,370.36 1 0
github.com/damien/terraform-awx-provider/internal/provider/object_resource.go:374.2,374.20 1 0
github.com/damien/terraform-awx-provider/internal/provider/object_resource.go:375.29,377.17 2 0
github.com/damien/terraform-awx-provider/internal/provider/object_resource.go:377.17,380.4 2 0
github.com/damien/terraform-awx-provider/internal/provider/object_resource.go:381.3,381.41 1 0
github.com/damien/terraform-awx-provider/internal/provider/object_resource.go:382.30,384.10 2 0
github.com/damien/terraform-awx-provider/internal/provider/object_resource.go:384.10,387.4 2 0
github.com/damien/terraform-awx-provider/internal/provider/object_resource.go:388.3,388.40 1 0
github.com/damien/terraform-awx-provider/internal/provider/object_resource.go:389.31,391.17 2 0
github.com/damien/terraform-awx-provider/internal/provider/object_resource.go:391.17,394.4 2 0
github.com/damien/terraform-awx-provider/internal/provider/object_resource.go:395.3,395.43 1 0
github.com/damien/terraform-awx-provider/internal/provider/object_resource.go:396.57,398.17 2 0
github.com/damien/terraform-awx-provider/internal/provider/object_resource.go:398.17,401.4 2 0
github.com/damien/terraform-awx-provider/internal/provider/object_resource.go:402.3,402.51 1 0
github.com/damien/terraform-awx-provider/internal/provider/object_resource.go:403.10,404.60 1 0
github.com/damien/terraform-awx-provider/internal/provider/object_resource.go:408.90,412.35 4 0
github.com/damien/terraform-awx-provider/internal/provider/object_resource.go:412.35,415.3 2 0
github.com/damien/terraform-awx-provider/internal/provider/object_resource.go:417.2,418.16 2 0
github.com/damien/terraform-awx-provider/internal/provider/object_resource.go:418.16,421.3 2 0
github.com/damien/terraform-awx-provider/internal/provider/object_resource.go:422.2,422.22 1 0
github.com/damien/terraform-awx-provider/internal/provider/object_resource.go:425.47,426.27 1 1
github.com/damien/terraform-awx-provider/internal/provider/object_resource.go:427.11,428.23 1 1
github.com/damien/terraform-awx-provider/internal/provider/object_resource.go:429.13,430.16 1 0
github.com/damien/terraform-awx-provider/internal/provider/object_resource.go:431.15,432.23 1 1
github.com/damien/terraform-awx-provider/internal/provider/object_resource.go:433.19,434.19 1 0
github.com/damien/terraform-awx-provider/internal/provider/object_resource.go:435.14,436.37 1 1
github.com/damien/terraform-awx-provider/internal/provider/object_resource.go:437.10,438.56 1 0
github.com/damien/terraform-awx-provider/internal/provider/object_resource.go:442.45,443.27 1 0
github.com/damien/terraform-awx-provider/internal/provider/object_resource.go:444.15,445.16 1 0
github.com/damien/terraform-awx-provider/internal/provider/object_resource.go:446.15,447.25 1 0
github.com/damien/terraform-awx-provider/internal/provider/object_resource.go:448.13,449.25 1 0
github.com/damien/terraform-awx-provider/internal/provider/object_resource.go:450.11,451.25 1 0
github.com/damien/terraform-awx-provider/internal/provider/object_resource.go:452.19,453.21 1 0
github.com/damien/terraform-awx-provider/internal/provider/object_resource.go:454.14,455.35 1 0
github.com/damien/terraform-awx-provider/internal/provider/object_resource.go:456.10,457.61 1 0
github.com/damien/terraform-awx-provider/internal/provider/object_resource.go:461.50,462.36 1 0
github.com/damien/terraform-awx-provider/internal/provider/object_resource.go:462.36,464.3 1 0
github.com/damien/terraform-awx-provider/internal/provider/object_resource.go:465.2,466.64 2 0
github.com/damien/terraform-awx-provider/internal/provider/object_resource.go:466.64,468.3 1 0
github.com/damien/terraform-awx-provider/internal/provider/object_resource.go:469.2,469.21 1 0
github.com/damien/terraform-awx-provider/internal/provider/object_resource.go:472.45,473.16 1 1
github.com/damien/terraform-awx-provider/internal/provider/object_resource.go:473.16,475.3 1 1
github.com/damien/terraform-awx-provider/internal/provider/object_resource.go:476.2,477.9 2 1
github.com/damien/terraform-awx-provider/internal/provider/object_resource.go:477.9,479.3 1 0
github.com/damien/terraform-awx-provider/internal/provider/object_resource.go:480.2,480.15 1 1
github.com/damien/terraform-awx-provider/internal/provider/object_resource.go:483.55,486.2 2 1
github.com/damien/terraform-awx-provider/internal/provider/object_resource.go:493.40,495.2 1 0
github.com/damien/terraform-awx-provider/internal/provider/provider.go:46.51,48.34 2 1
github.com/damien/terraform-awx-provider/internal/provider/provider.go:48.34,54.3 1 1
github.com/damien/terraform-awx-provider/internal/provider/provider.go:57.112,60.2 2 0
github.com/damien/terraform-awx-provider/internal/provider/provider.go:62.106,102.2 1 0
github.com/damien/terraform-awx-provider/internal/provider/provider.go:104.119,105.25 1 0
github.com/damien/terraform-awx-provider/internal/provider/provider.go:105.25,108.3 2 0
github.com/damien/terraform-awx-provider/internal/provider/provider.go:110.2,112.33 3 0
github.com/damien/terraform-awx-provider/internal/provider/provider.go:112.33,114.3 1 0
github.com/damien/terraform-awx-provider/internal/provider/provider.go:116.2,116.59 1 0
github.com/damien/terraform-awx-provider/internal/provider/provider.go:116.59,118.3 1 0
github.com/damien/terraform-awx-provider/internal/provider/provider.go:119.2,119.61 1 0
github.com/damien/terraform-awx-provider/internal/provider/provider.go:119.61,121.3 1 0
github.com/damien/terraform-awx-provider/internal/provider/provider.go:122.2,122.61 1 0
github.com/damien/terraform-awx-provider/internal/provider/provider.go:122.61,124.3 1 0
github.com/damien/terraform-awx-provider/internal/provider/provider.go:125.2,125.33 1 0
github.com/damien/terraform-awx-provider/internal/provider/provider.go:125.33,127.3 1 0
github.com/damien/terraform-awx-provider/internal/provider/provider.go:129.2,130.33 2 0
github.com/damien/terraform-awx-provider/internal/provider/provider.go:130.33,132.3 1 0
github.com/damien/terraform-awx-provider/internal/provider/provider.go:134.2,147.16 3 0
github.com/damien/terraform-awx-provider/internal/provider/provider.go:147.16,150.3 2 0
github.com/damien/terraform-awx-provider/internal/provider/provider.go:152.2,152.44 1 0
github.com/damien/terraform-awx-provider/internal/provider/provider.go:152.44,158.3 2 0
github.com/damien/terraform-awx-provider/internal/provider/provider.go:160.2,162.34 3 0
github.com/damien/terraform-awx-provider/internal/provider/provider.go:165.79,167.22 2 1
github.com/damien/terraform-awx-provider/internal/provider/provider.go:167.22,169.3 1 0
github.com/damien/terraform-awx-provider/internal/provider/provider.go:171.2,171.57 1 1
github.com/damien/terraform-awx-provider/internal/provider/provider.go:171.57,173.58 2 1
github.com/damien/terraform-awx-provider/internal/provider/provider.go:173.58,175.4 1 1
github.com/damien/terraform-awx-provider/internal/provider/provider.go:177.2,177.46 1 1
github.com/damien/terraform-awx-provider/internal/provider/provider.go:177.46,179.58 2 1
github.com/damien/terraform-awx-provider/internal/provider/provider.go:179.58,181.4 1 1
github.com/damien/terraform-awx-provider/internal/provider/provider.go:183.2,183.18 1 1
github.com/damien/terraform-awx-provider/internal/provider/provider.go:186.85,188.22 2 1
github.com/damien/terraform-awx-provider/internal/provider/provider.go:188.22,190.3 1 0
github.com/damien/terraform-awx-provider/internal/provider/provider.go:192.2,192.59 1 1
github.com/damien/terraform-awx-provider/internal/provider/provider.go:192.59,194.66 2 1
github.com/damien/terraform-awx-provider/internal/provider/provider.go:194.66,196.4 1 1
github.com/damien/terraform-awx-provider/internal/provider/provider.go:198.2,198.20 1 1
github.com/damien/terraform-awx-provider/internal/provider/provider.go:201.68,202.59 1 0
github.com/damien/terraform-awx-provider/internal/provider/provider.go:202.59,204.3 1 0
github.com/damien/terraform-awx-provider/internal/provider/provider.go:206.2,207.16 2 0
github.com/damien/terraform-awx-provider/internal/provider/provider.go:207.16,210.3 2 0
github.com/damien/terraform-awx-provider/internal/provider/provider.go:211.2,211.63 1 0
github.com/damien/terraform-awx-provider/internal/provider/provider.go:211.63,213.3 1 0
github.com/damien/terraform-awx-provider/internal/provider/provider.go:214.2,214.26 1 0
github.com/damien/terraform-awx-provider/internal/provider/provider.go:214.26,216.3 1 0
github.com/damien/terraform-awx-provider/internal/provider/provider.go:218.2,218.139 1 0
github.com/damien/terraform-awx-provider/internal/provider/provider.go:218.139,220.3 1 0
github.com/damien/terraform-awx-provider/internal/provider/provider.go:221.2,221.124 1 0
github.com/damien/terraform-awx-provider/internal/provider/provider.go:221.124,223.3 1 0
github.com/damien/terraform-awx-provider/internal/provider/provider.go:224.2,224.130 1 0
github.com/damien/terraform-awx-provider/internal/provider/provider.go:224.130,226.3 1 0
github.com/damien/terraform-awx-provider/internal/provider/provider.go:229.90,230.41 1 0
github.com/damien/terraform-awx-provider/internal/provider/provider.go:230.41,232.3 1 0
github.com/damien/terraform-awx-provider/internal/provider/provider.go:233.2,233.56 1 0
github.com/damien/terraform-awx-provider/internal/provider/provider.go:236.62,237.41 1 0
github.com/damien/terraform-awx-provider/internal/provider/provider.go:237.41,239.3 1 0
github.com/damien/terraform-awx-provider/internal/provider/provider.go:240.2,240.27 1 0
github.com/damien/terraform-awx-provider/internal/provider/relationship_resource.go:34.84,36.2 1 1
github.com/damien/terraform-awx-provider/internal/provider/relationship_resource.go:38.121,40.2 1 0
github.com/damien/terraform-awx-provider/internal/provider/relationship_resource.go:42.115,63.2 1 0
github.com/damien/terraform-awx-provider/internal/provider/relationship_resource.go:65.126,66.29 1 0
github.com/damien/terraform-awx-provider/internal/provider/relationship_resource.go:66.29,68.3 1 0
github.com/damien/terraform-awx-provider/internal/provider/relationship_resource.go:69.2,70.9 2 0
github.com/damien/terraform-awx-provider/internal/provider/relationship_resource.go:70.9,73.3 2 0
github.com/damien/terraform-awx-provider/internal/provider/relationship_resource.go:74.2,74.23 1 0
github.com/damien/terraform-awx-provider/internal/provider/relationship_resource.go:77.119,78.43 1 0
github.com/damien/terraform-awx-provider/internal/provider/relationship_resource.go:78.43,81.3 2 0
github.com/damien/terraform-awx-provider/internal/provider/relationship_resource.go:83.2,85.33 3 0
github.com/damien/terraform-awx-provider/internal/provider/relationship_resource.go:85.33,87.3 1 0
github.com/damien/terraform-awx-provider/internal/provider/relationship_resource.go:89.2,89.93 1 0
github.com/damien/terraform-awx-provider/internal/provider/relationship_resource.go:89.93,92.3 2 0
github.com/damien/terraform-awx-provider/internal/provider/relationship_resource.go:94.2,94.78 1 0
github.com/damien/terraform-awx-provider/internal/provider/relationship_resource.go:97.113,98.43 1 0
github.com/damien/terraform-awx-provider/internal/provider/relationship_resource.go:98.43,101.3 2 0
github.com/damien/terraform-awx-provider/internal/provider/relationship_resource.go:103.2,105.33 3 0
github.com/damien/terraform-awx-provider/internal/provider/relationship_resource.go:105.33,107.3 1 0
github.com/damien/terraform-awx-provider/internal/provider/relationship_resource.go:109.2,110.16 2 0
github.com/damien/terraform-awx-provider/internal/provider/relationship_resource.go:110.16,113.3 2 0
github.com/damien/terraform-awx-provider/internal/provider/relationship_resource.go:114.2,114.13 1 0
github.com/damien/terraform-awx-provider/internal/provider/relationship_resource.go:114.13,117.3 2 0
github.com/damien/terraform-awx-provider/internal/provider/relationship_resource.go:119.2,119.78 1 0
github.com/damien/terraform-awx-provider/internal/provider/relationship_resource.go:122.119,123.43 1 0
github.com/damien/terraform-awx-provider/internal/provider/relationship_resource.go:123.43,126.3 2 0
github.com/damien/terraform-awx-provider/internal/provider/relationship_resource.go:128.2,130.33 3 0
github.com/damien/terraform-awx-provider/internal/provider/relationship_resource.go:130.33,132.3 1 0
github.com/damien/terraform-awx-provider/internal/provider/relationship_resource.go:134.2,136.33 3 0
github.com/damien/terraform-awx-provider/internal/provider/relationship_resource.go:136.33,138.3 1 0
github.com/damien/terraform-awx-provider/internal/provider/relationship_resource.go:140.2,140.60 1 0
github.com/damien/terraform-awx-provider/internal/provider/relationship_resource.go:140.60,141.103 1 0
github.com/damien/terraform-awx-provider/internal/provider/relationship_resource.go:141.103,144.4 2 0
github.com/damien/terraform-awx-provider/internal/provider/relationship_resource.go:145.3,145.100 1 0
github.com/damien/terraform-awx-provider/internal/provider/relationship_resource.go:145.100,148.4 2 0
github.com/damien/terraform-awx-provider/internal/provider/relationship_resource.go:151.2,151.84 1 0
github.com/damien/terraform-awx-provider/internal/provider/relationship_resource.go:154.119,155.43 1 0
github.com/damien/terraform-awx-provider/internal/provider/relationship_resource.go:155.43,158.3 2 0
github.com/damien/terraform-awx-provider/internal/provider/relationship_resource.go:160.2,162.33 3 0
github.com/damien/terraform-awx-provider/internal/provider/relationship_resource.go:162.33,164.3 1 0
github.com/damien/terraform-awx-provider/internal/provider/relationship_resource.go:166.2,166.96 1 0
github.com/damien/terraform-awx-provider/internal/provider/relationship_resource.go:166.96,169.3 2 0
github.com/damien/terraform-awx-provider/internal/provider/relationship_resource.go:172.134,174.23 2 0
github.com/damien/terraform-awx-provider/internal/provider/relationship_resource.go:174.23,177.3 2 0
github.com/damien/terraform-awx-provider/internal/provider/relationship_resource.go:179.2,181.78 3 0
github.com/damien/terraform-awx-provider/internal/provider/relationship_resource.go:184.110,192.47 6 0
github.com/damien/terraform-awx-provider/internal/provider/relationship_resource.go:192.47,194.3 1 0
github.com/damien/terraform-awx-provider/internal/provider/relationship_resource.go:195.2,195.45 1 0
github.com/damien/terraform-awx-provider/internal/provider/relationship_resource.go:195.45,197.3 1 0
github.com/damien/terraform-awx-provider/internal/provider/relationship_resource.go:198.2,198.22 1 0
github.com/damien/terraform-awx-provider/internal/provider/relationship_resource.go:198.22,200.3 1 0
github.com/damien/terraform-awx-provider/internal/provider/relationship_resource.go:202.2,202.59 1 0
github.com/damien/terraform-awx-provider/internal/provider/relationship_resource.go:205.122,210.2 4 1
github.com/damien/terraform-awx-provider/cmd/terraform-provider-awx/main.go:13.13,17.16 2 0
github.com/damien/terraform-awx-provider/cmd/terraform-provider-awx/main.go:17.16,19.3 1 0
github.com/damien/terraform-awx-provider/cmd/awxgen/main.go:43.13,44.22 1 0
github.com/damien/terraform-awx-provider/cmd/awxgen/main.go:44.22,46.3 1 0
github.com/damien/terraform-awx-provider/cmd/awxgen/main.go:48.2,49.20 2 0
github.com/damien/terraform-awx-provider/cmd/awxgen/main.go:50.18,51.33 1 0
github.com/damien/terraform-awx-provider/cmd/awxgen/main.go:52.18,53.33 1 0
github.com/damien/terraform-awx-provider/cmd/awxgen/main.go:54.14,55.29 1 0
github.com/damien/terraform-awx-provider/cmd/awxgen/main.go:56.23,57.37 1 0
github.com/damien/terraform-awx-provider/cmd/awxgen/main.go:58.16,59.31 1 0
github.com/damien/terraform-awx-provider/cmd/awxgen/main.go:60.10,61.53 1 0
github.com/damien/terraform-awx-provider/cmd/awxgen/main.go:64.2,64.16 1 0
github.com/damien/terraform-awx-provider/cmd/awxgen/main.go:64.16,66.3 1 0
github.com/damien/terraform-awx-provider/cmd/awxgen/main.go:69.39,78.39 9 0
github.com/damien/terraform-awx-provider/cmd/awxgen/main.go:78.39,80.3 1 0
github.com/damien/terraform-awx-provider/cmd/awxgen/main.go:82.2,83.16 2 0
github.com/damien/terraform-awx-provider/cmd/awxgen/main.go:83.16,85.3 1 0
github.com/damien/terraform-awx-provider/cmd/awxgen/main.go:87.2,87.63 1 0
github.com/damien/terraform-awx-provider/cmd/awxgen/main.go:87.63,89.3 1 0
github.com/damien/terraform-awx-provider/cmd/awxgen/main.go:90.2,90.75 1 0
github.com/damien/terraform-awx-provider/cmd/awxgen/main.go:90.75,92.3 1 0
github.com/damien/terraform-awx-provider/cmd/awxgen/main.go:93.2,93.61 1 0
github.com/damien/terraform-awx-provider/cmd/awxgen/main.go:93.61,95.3 1 0
github.com/damien/terraform-awx-provider/cmd/awxgen/main.go:97.2,100.25 4 0
github.com/damien/terraform-awx-provider/cmd/awxgen/main.go:100.25,102.3 1 0
github.com/damien/terraform-awx-provider/cmd/awxgen/main.go:103.2,103.23 1 0
github.com/damien/terraform-awx-provider/cmd/awxgen/main.go:103.23,105.3 1 0
github.com/damien/terraform-awx-provider/cmd/awxgen/main.go:106.2,106.46 1 0
github.com/damien/terraform-awx-provider/cmd/awxgen/main.go:106.46,109.3 2 0
github.com/damien/terraform-awx-provider/cmd/awxgen/main.go:110.2,110.12 1 0
github.com/damien/terraform-awx-provider/cmd/awxgen/main.go:113.39,122.39 9 0
github.com/damien/terraform-awx-provider/cmd/awxgen/main.go:122.39,124.3 1 0
github.com/damien/terraform-awx-provider/cmd/awxgen/main.go:126.2,127.16 2 0
github.com/damien/terraform-awx-provider/cmd/awxgen/main.go:127.16,129.3 1 0
github.com/damien/terraform-awx-provider/cmd/awxgen/main.go:131.2,131.46 1 0
github.com/damien/terraform-awx-provider/cmd/awxgen/main.go:131.46,133.3 1 0
github.com/damien/terraform-awx-provider/cmd/awxgen/main.go:135.2,135.72 1 0
github.com/damien/terraform-awx-provider/cmd/awxgen/main.go:135.72,137.3 1 0
github.com/damien/terraform-awx-provider/cmd/awxgen/main.go:138.2,138.84 1 0
github.com/damien/terraform-awx-provider/cmd/awxgen/main.go:138.84,140.3 1 0
github.com/damien/terraform-awx-provider/cmd/awxgen/main.go:141.2,141.61 1 0
github.com/damien/terraform-awx-provider/cmd/awxgen/main.go:141.61,143.3 1 0
github.com/damien/terraform-awx-provider/cmd/awxgen/main.go:145.2,146.12 2 0
github.com/damien/terraform-awx-provider/cmd/awxgen/main.go:149.35,154.39 5 0
github.com/damien/terraform-awx-provider/cmd/awxgen/main.go:154.39,156.3 1 0
github.com/damien/terraform-awx-provider/cmd/awxgen/main.go:158.2,159.16 2 0
github.com/damien/terraform-awx-provider/cmd/awxgen/main.go:159.16,161.3 1 0
github.com/damien/terraform-awx-provider/cmd/awxgen/main.go:162.2,163.16 2 0
github.com/damien/terraform-awx-provider/cmd/awxgen/main.go:163.16,165.3 1 0
github.com/damien/terraform-awx-provider/cmd/awxgen/main.go:167.2,167.73 1 0
github.com/damien/terraform-awx-provider/cmd/awxgen/main.go:167.73,169.3 1 0
github.com/damien/terraform-awx-provider/cmd/awxgen/main.go:170.2,171.12 2 0
github.com/damien/terraform-awx-provider/cmd/awxgen/main.go:174.43,179.39 5 0
github.com/damien/terraform-awx-provider/cmd/awxgen/main.go:179.39,181.3 1 0
github.com/damien/terraform-awx-provider/cmd/awxgen/main.go:183.2,184.16 2 0
github.com/damien/terraform-awx-provider/cmd/awxgen/main.go:184.16,186.3 1 0
github.com/damien/terraform-awx-provider/cmd/awxgen/main.go:187.2,188.16 2 0
github.com/damien/terraform-awx-provider/cmd/awxgen/main.go:188.16,190.3 1 0
github.com/damien/terraform-awx-provider/cmd/awxgen/main.go:192.2,193.48 2 0
github.com/damien/terraform-awx-provider/cmd/awxgen/main.go:193.48,195.3 1 0
github.com/damien/terraform-awx-provider/cmd/awxgen/main.go:197.2,197.33 1 0
github.com/damien/terraform-awx-provider/cmd/awxgen/main.go:197.33,198.57 1 0
github.com/damien/terraform-awx-provider/cmd/awxgen/main.go:198.57,200.91 2 0
github.com/damien/terraform-awx-provider/cmd/awxgen/main.go:200.91,202.5 1 0
github.com/damien/terraform-awx-provider/cmd/awxgen/main.go:204.3,204.55 1 0
github.com/damien/terraform-awx-provider/cmd/awxgen/main.go:204.55,206.107 2 0
github.com/damien/terraform-awx-provider/cmd/awxgen/main.go:206.107,208.5 1 0
github.com/damien/terraform-awx-provider/cmd/awxgen/main.go:211.2,211.45 1 0
github.com/damien/terraform-awx-provider/cmd/awxgen/main.go:211.45,213.90 2 0
github.com/damien/terraform-awx-provider/cmd/awxgen/main.go:213.90,215.4 1 0
github.com/damien/terraform-awx-provider/cmd/awxgen/main.go:218.2,219.12 2 0
github.com/damien/terraform-awx-provider/cmd/awxgen/main.go:222.37,225.39 3 0
github.com/damien/terraform-awx-provider/cmd/awxgen/main.go:225.39,227.3 1 0
github.com/damien/terraform-awx-provider/cmd/awxgen/main.go:229.2,230.16 2 0
github.com/damien/terraform-awx-provider/cmd/awxgen/main.go:230.16,232.3 1 0
github.com/damien/terraform-awx-provider/cmd/awxgen/main.go:233.2,234.53 2 0
github.com/damien/terraform-awx-provider/cmd/awxgen/main.go:234.53,236.3 1 0
github.com/damien/terraform-awx-provider/cmd/awxgen/main.go:238.2,244.46 7 0
github.com/damien/terraform-awx-provider/cmd/awxgen/main.go:244.46,247.3 2 0
github.com/damien/terraform-awx-provider/cmd/awxgen/main.go:248.2,248.12 1 0
github.com/damien/terraform-awx-provider/cmd/awxgen/main.go:251.236,253.16 2 0
github.com/damien/terraform-awx-provider/cmd/awxgen/main.go:253.16,255.3 1 0
github.com/damien/terraform-awx-provider/cmd/awxgen/main.go:257.2,258.16 2 0
github.com/damien/terraform-awx-provider/cmd/awxgen/main.go:258.16,260.3 1 0
github.com/damien/terraform-awx-provider/cmd/awxgen/main.go:262.2,263.16 2 0
github.com/damien/terraform-awx-provider/cmd/awxgen/main.go:263.16,265.3 1 0
github.com/damien/terraform-awx-provider/cmd/awxgen/main.go:266.2,267.16 2 0
github.com/damien/terraform-awx-provider/cmd/awxgen/main.go:267.16,269.3 1 0
github.com/damien/terraform-awx-provider/cmd/awxgen/main.go:271.2,273.77 3 0
github.com/damien/terraform-awx-provider/cmd/awxgen/main.go:273.77,275.3 1 0
github.com/damien/terraform-awx-provider/cmd/awxgen/main.go:277.2,279.96 3 0
github.com/damien/terraform-awx-provider/cmd/awxgen/main.go:282.174,294.45 2 0
github.com/damien/terraform-awx-provider/cmd/awxgen/main.go:294.45,296.3 1 0
github.com/damien/terraform-awx-provider/cmd/awxgen/main.go:297.2,297.30 1 0
github.com/damien/terraform-awx-provider/cmd/awxgen/main.go:297.30,298.27 1 0
github.com/damien/terraform-awx-provider/cmd/awxgen/main.go:298.27,301.4 2 0
github.com/damien/terraform-awx-provider/cmd/awxgen/main.go:301.9,301.34 1 0
github.com/damien/terraform-awx-provider/cmd/awxgen/main.go:301.34,302.93 1 0
github.com/damien/terraform-awx-provider/cmd/awxgen/main.go:302.93,304.5 1 0
github.com/damien/terraform-awx-provider/cmd/awxgen/main.go:306.3,306.25 1 0
github.com/damien/terraform-awx-provider/cmd/awxgen/main.go:306.25,309.4 2 0
github.com/damien/terraform-awx-provider/cmd/awxgen/main.go:310.3,310.26 1 0
github.com/damien/terraform-awx-provider/cmd/awxgen/main.go:310.26,312.4 1 0
github.com/damien/terraform-awx-provider/cmd/awxgen/main.go:315.2,319.15 5 0
github.com/damien/terraform-awx-provider/cmd/awxgen/main.go:322.60,340.35 3 0
github.com/damien/terraform-awx-provider/cmd/awxgen/main.go:340.35,341.38 1 0
github.com/damien/terraform-awx-provider/cmd/awxgen/main.go:341.38,343.4 1 0
github.com/damien/terraform-awx-provider/cmd/awxgen/main.go:345.2,345.14 1 0
github.com/damien/terraform-awx-provider/cmd/awxgen/main.go:348.116,351.56 3 0
github.com/damien/terraform-awx-provider/cmd/awxgen/main.go:351.56,353.3 1 0
github.com/damien/terraform-awx-provider/cmd/awxgen/main.go:354.2,354.58 1 0
github.com/damien/terraform-awx-provider/cmd/awxgen/main.go:354.58,356.3 1 0
github.com/damien/terraform-awx-provider/cmd/awxgen/main.go:358.2,358.52 1 0
github.com/damien/terraform-awx-provider/cmd/awxgen/main.go:358.52,360.3 1 0
github.com/damien/terraform-awx-provider/cmd/awxgen/main.go:362.2,362.30 1 0
github.com/damien/terraform-awx-provider/cmd/awxgen/main.go:362.30,363.51 1 0
github.com/damien/terraform-awx-provider/cmd/awxgen/main.go:363.51,364.61 1 0
github.com/damien/terraform-awx-provider/cmd/awxgen/main.go:364.61,366.5 1 0
github.com/damien/terraform-awx-provider/cmd/awxgen/main.go:368.3,368.49 1 0
github.com/damien/terraform-awx-provider/cmd/awxgen/main.go:368.49,369.65 1 0
github.com/damien/terraform-awx-provider/cmd/awxgen/main.go:369.65,371.5 1 0
github.com/damien/terraform-awx-provider/cmd/awxgen/main.go:374.2,374.36 1 0
github.com/damien/terraform-awx-provider/cmd/awxgen/main.go:374.36,375.64 1 0
github.com/damien/terraform-awx-provider/cmd/awxgen/main.go:375.64,377.4 1 0
github.com/damien/terraform-awx-provider/cmd/awxgen/main.go:379.2,379.12 1 0
github.com/damien/terraform-awx-provider/cmd/awxgen/main.go:382.47,419.2 2 0
github.com/damien/terraform-awx-provider/cmd/awxgen/main.go:421.77,429.35 7 0
github.com/damien/terraform-awx-provider/cmd/awxgen/main.go:429.35,430.21 1 0
github.com/damien/terraform-awx-provider/cmd/awxgen/main.go:430.21,432.4 1 0
github.com/damien/terraform-awx-provider/cmd/awxgen/main.go:434.2,438.35 4 0
github.com/damien/terraform-awx-provider/cmd/awxgen/main.go:438.35,440.21 2 0
github.com/damien/terraform-awx-provider/cmd/awxgen/main.go:440.21,442.4 1 0
github.com/damien/terraform-awx-provider/cmd/awxgen/main.go:443.3,444.22 2 0
github.com/damien/terraform-awx-provider/cmd/awxgen/main.go:444.22,446.4 1 0
github.com/damien/terraform-awx-provider/cmd/awxgen/main.go:447.3,448.24 2 0
github.com/damien/terraform-awx-provider/cmd/awxgen/main.go:448.24,450.4 1 0
github.com/damien/terraform-awx-provider/cmd/awxgen/main.go:451.3,451.103 1 0
github.com/damien/terraform-awx-provider/cmd/awxgen/main.go:453.2,460.122 7 0
github.com/damien/terraform-awx-provider/cmd/awxgen/main.go:463.81,475.34 12 0
github.com/damien/terraform-awx-provider/cmd/awxgen/main.go:475.34,477.3 1 0
github.com/damien/terraform-awx-provider/cmd/awxgen/main.go:478.2,480.35 3 0
github.com/damien/terraform-awx-provider/cmd/awxgen/main.go:480.35,482.22 2 0
github.com/damien/terraform-awx-provider/cmd/awxgen/main.go:482.22,484.4 1 0
github.com/damien/terraform-awx-provider/cmd/awxgen/main.go:485.3,485.89 1 0
github.com/damien/terraform-awx-provider/cmd/awxgen/main.go:488.2,488.126 1 0
github.com/damien/terraform-awx-provider/cmd/awxgen/main.go:491.80,513.2 20 0
github.com/damien/terraform-awx-provider/cmd/awxgen/main.go:515.55,516.19 1 0
github.com/damien/terraform-awx-provider/cmd/awxgen/main.go:517.30,518.16 1 0
github.com/damien/terraform-awx-provider/cmd/awxgen/main.go:519.31,520.15 1 0
github.com/damien/terraform-awx-provider/cmd/awxgen/main.go:521.29,522.13 1 0
github.com/damien/terraform-awx-provider/cmd/awxgen/main.go:523.31,524.35 1 0
github.com/damien/terraform-awx-provider/cmd/awxgen/main.go:525.32,526.43 1 0
github.com/damien/terraform-awx-provider/cmd/awxgen/main.go:527.10,528.23 1 0
github.com/damien/terraform-awx-provider/cmd/awxgen/main.go:532.62,533.31 1 0
github.com/damien/terraform-awx-provider/cmd/awxgen/main.go:533.31,534.25 1 0
github.com/damien/terraform-awx-provider/cmd/awxgen/main.go:534.25,536.4 1 0
github.com/damien/terraform-awx-provider/cmd/awxgen/main.go:538.2,538.14 1 0
github.com/damien/terraform-awx-provider/cmd/awxgen/main.go:541.72,543.16 2 0
github.com/damien/terraform-awx-provider/cmd/awxgen/main.go:543.16,545.3 1 0
github.com/damien/terraform-awx-provider/cmd/awxgen/main.go:546.2,547.50 2 0
github.com/damien/terraform-awx-provider/cmd/awxgen/main.go:547.50,549.3 1 0
github.com/damien/terraform-awx-provider/cmd/awxgen/main.go:550.2,550.17 1 0
github.com/damien/terraform-awx-provider/cmd/awxgen/main.go:553.70,555.16 2 0
github.com/damien/terraform-awx-provider/cmd/awxgen/main.go:555.16,557.3 1 0
github.com/damien/terraform-awx-provider/cmd/awxgen/main.go:558.2,559.50 2 0
github.com/damien/terraform-awx-provider/cmd/awxgen/main.go:559.50,561.3 1 0
github.com/damien/terraform-awx-provider/cmd/awxgen/main.go:562.2,562.17 1 0
github.com/damien/terraform-awx-provider/cmd/awxgen/main.go:565.64,567.16 2 0
github.com/damien/terraform-awx-provider/cmd/awxgen/main.go:567.16,569.3 1 0
github.com/damien/terraform-awx-provider/cmd/awxgen/main.go:570.2,571.35 2 0
github.com/damien/terraform-awx-provider/cmd/awxgen/main.go:571.35,572.42 1 0
github.com/damien/terraform-awx-provider/cmd/awxgen/main.go:572.42,574.4 1 0
github.com/damien/terraform-awx-provider/cmd/awxgen/main.go:576.2,576.12 1 0
github.com/damien/terraform-awx-provider/cmd/awxgen/main.go:579.48,581.16 2 0
github.com/damien/terraform-awx-provider/cmd/awxgen/main.go:581.16,583.3 1 0
github.com/damien/terraform-awx-provider/cmd/awxgen/main.go:584.2,585.63 2 0
github.com/damien/terraform-awx-provider/cmd/awxgen/main.go:585.63,587.3 1 0
github.com/damien/terraform-awx-provider/cmd/awxgen/main.go:588.2,588.55 1 0
github.com/damien/terraform-awx-provider/cmd/awxgen/main.go:591.55,593.16 2 0
github.com/damien/terraform-awx-provider/cmd/awxgen/main.go:593.16,595.3 1 0
github.com/damien/terraform-awx-provider/cmd/awxgen/main.go:597.2,598.16 2 0
github.com/damien/terraform-awx-provider/cmd/awxgen/main.go:598.16,600.3 1 0
github.com/damien/terraform-awx-provider/cmd/awxgen/main.go:602.2,602.40 1 0
github.com/damien/terraform-awx-provider/cmd/awxgen/main.go:602.40,604.3 1 0
github.com/damien/terraform-awx-provider/cmd/awxgen/main.go:605.2,605.12 1 0
github.com/damien/terraform-awx-provider/cmd/awxgen/main.go:608.41,611.49 3 0
github.com/damien/terraform-awx-provider/cmd/awxgen/main.go:611.49,613.3 1 0
github.com/damien/terraform-awx-provider/cmd/awxgen/main.go:614.2,614.50 1 0
github.com/damien/terraform-awx-provider/cmd/awxgen/main.go:614.50,616.3 1 0
github.com/damien/terraform-awx-provider/cmd/awxgen/main.go:617.2,619.44 3 0
github.com/damien/terraform-awx-provider/cmd/awxgen/main.go:622.31,625.2 2 0
github.com/damien/terraform-awx-provider/internal/manifest/manifest.go:78.31,80.16 2 0
github.com/damien/terraform-awx-provider/internal/manifest/manifest.go:80.16,82.3 1 0
github.com/damien/terraform-awx-provider/internal/manifest/manifest.go:83.2,84.16 2 0
github.com/damien/terraform-awx-provider/internal/manifest/manifest.go:84.16,86.3 1 0
github.com/damien/terraform-awx-provider/internal/manifest/manifest.go:87.2,88.16 2 0
github.com/damien/terraform-awx-provider/internal/manifest/manifest.go:88.16,90.3 1 0
github.com/damien/terraform-awx-provider/internal/manifest/manifest.go:92.2,93.76 2 0
github.com/damien/terraform-awx-provider/internal/manifest/manifest.go:93.76,95.3 1 0
github.com/damien/terraform-awx-provider/internal/manifest/manifest.go:96.2,96.77 1 0
github.com/damien/terraform-awx-provider/internal/manifest/manifest.go:96.77,98.3 1 0
github.com/damien/terraform-awx-provider/internal/manifest/manifest.go:99.2,99.93 1 0
github.com/damien/terraform-awx-provider/internal/manifest/manifest.go:99.93,101.3 1 0
github.com/damien/terraform-awx-provider/internal/manifest/manifest.go:103.2,104.45 2 0
github.com/damien/terraform-awx-provider/internal/manifest/manifest.go:104.45,106.3 1 0
github.com/damien/terraform-awx-provider/internal/manifest/manifest.go:108.2,108.63 1 0
github.com/damien/terraform-awx-provider/internal/manifest/manifest.go:108.63,110.3 1 0
github.com/damien/terraform-awx-provider/internal/manifest/manifest.go:111.2,111.62 1 0
github.com/damien/terraform-awx-provider/internal/manifest/manifest.go:111.62,112.77 1 0
github.com/damien/terraform-awx-provider/internal/manifest/manifest.go:112.77,114.4 1 0
github.com/damien/terraform-awx-provider/internal/manifest/manifest.go:115.3,115.79 1 0
github.com/damien/terraform-awx-provider/internal/manifest/manifest.go:118.2,118.21 1 0
github.com/damien/terraform-awx-provider/internal/manifest/manifest.go:122.26,124.16 2 0
github.com/damien/terraform-awx-provider/internal/manifest/manifest.go:124.16,125.13 1 0
github.com/damien/terraform-awx-provider/internal/manifest/manifest.go:127.2,127.16 1 0
github.com/damien/terraform-awx-provider/internal/manifest/manifest.go:131.60,133.39 2 0
github.com/damien/terraform-awx-provider/internal/manifest/manifest.go:133.39,134.51 1 0
github.com/damien/terraform-awx-provider/internal/manifest/manifest.go:134.51,136.4 1 0
github.com/damien/terraform-awx-provider/internal/manifest/manifest.go:138.2,138.12 1 0
github.com/damien/terraform-awx-provider/internal/manifest/manifest.go:142.62,144.39 2 0
github.com/damien/terraform-awx-provider/internal/manifest/manifest.go:144.39,145.49 1 0
github.com/damien/terraform-awx-provider/internal/manifest/manifest.go:145.49,147.4 1 0
github.com/damien/terraform-awx-provider/internal/manifest/manifest.go:149.2,149.12 1 0
github.com/damien/terraform-awx-provider/internal/manifest/manifest.go:153.67,156.2 2 0
github.com/damien/terraform-awx-provider/internal/manifest/manifest.go:158.79,160.53 2 0
github.com/damien/terraform-awx-provider/internal/manifest/manifest.go:160.53,163.3 2 0
github.com/damien/terraform-awx-provider/internal/manifest/manifest.go:165.2,168.54 2 0
github.com/damien/terraform-awx-provider/internal/manifest/manifest.go:168.54,170.3 1 0
github.com/damien/terraform-awx-provider/internal/manifest/manifest.go:171.2,172.12 2 0
